<?xml version="1.0" encoding="UTF-8"?>
<!-- Generated by org.testng.reporters.JUnitReportReporter -->
<testsuite hostname="DESKTOP-H425LRN" failures="0" tests="3" name="CucumberOptions.TestNGTestRunner" time="7.642" errors="0" timestamp="2022-08-03T20:23:33 EDT" skipped="0">
  <testcase classname="CucumberOptions.TestNGTestRunner" name="runScenario" time="1.766"/>
  <system-out/>
  <testcase classname="CucumberOptions.TestNGTestRunner" name="runScenario" time="1.062"/>
  <system-out/>
  <testcase classname="CucumberOptions.TestNGTestRunner" name="runScenario" time="4.814"/>
  <system-out/>
</testsuite> <!-- CucumberOptions.TestNGTestRunner -->
